[0m14:53:45.697785 [debug] [MainThread]: Sending event: {'category': 'dbt', 'action': 'invocation', 'label': 'start', 'context': [<snowplow_tracker.self_describing_json.SelfDescribingJson object at 0x00000276E6B54830>, <snowplow_tracker.self_describing_json.SelfDescribingJson object at 0x00000276E7364190>, <snowplow_tracker.self_describing_json.SelfDescribingJson object at 0x00000276E79B3C50>]}


============================== 14:53:45.719409 | b4cb84f6-25eb-440b-b3cb-c06b7702bb79 ==============================
[0m14:53:45.719409 [info ] [MainThread]: Running with dbt=1.10.13
[0m14:53:45.721406 [debug] [MainThread]: running dbt with arguments {'no_print': 'None', 'printer_width': '80', 'log_format': 'default', 'write_json': 'True', 'invocation_command': 'dbt init olist_dwh', 'warn_error': 'None', 'indirect_selection': 'eager', 'fail_fast': 'False', 'partial_parse': 'True', 'send_anonymous_usage_stats': 'True', 'static_parser': 'True', 'warn_error_options': 'WarnErrorOptionsV2(error=[], warn=[], silence=[])', 'log_path': 'logs', 'use_experimental_parser': 'False', 'version_check': 'True', 'quiet': 'False', 'introspect': 'True', 'empty': 'None', 'log_cache_events': 'False', 'debug': 'False', 'profiles_dir': 'C:\\Users\\Dell\\.dbt', 'use_colors': 'True', 'cache_selected_only': 'False', 'target_path': 'None'}
[0m14:53:45.754594 [info ] [MainThread]: Creating dbt configuration folder at C:\Users\Dell\.dbt
[0m14:53:45.756556 [debug] [MainThread]: Starter project path: C:\Users\Dell\AppData\Local\Programs\Python\Python313\Lib\site-packages\dbt\include\starter_project
[0m14:53:45.776767 [info ] [MainThread]: 
Your new dbt project "olist_dwh" was created!

For more information on how to configure the profiles.yml file,
please consult the dbt documentation here:

  https://docs.getdbt.com/docs/configure-your-profile

One more thing:

Need help? Don't hesitate to reach out to us via GitHub issues or on Slack:

  https://community.getdbt.com/

Happy modeling!

[0m14:53:45.777286 [info ] [MainThread]: Setting up your profile.
[0m15:09:41.286582 [info ] [MainThread]: Profile olist_dwh written to C:\Users\Dell\.dbt\profiles.yml using target's profile_template.yml and your supplied values. Run 'dbt debug' to validate the connection.
[0m15:09:41.288456 [debug] [MainThread]: Command `dbt init` succeeded at 15:09:41.288256 after 955.74 seconds
[0m15:09:41.289017 [debug] [MainThread]: Sending event: {'category': 'dbt', 'action': 'invocation', 'label': 'end', 'context': [<snowplow_tracker.self_describing_json.SelfDescribingJson object at 0x00000276E8C115B0>, <snowplow_tracker.self_describing_json.SelfDescribingJson object at 0x00000276E8BBB410>, <snowplow_tracker.self_describing_json.SelfDescribingJson object at 0x00000276E784A360>]}
[0m15:09:41.289461 [debug] [MainThread]: Flushing usage events
[0m15:09:42.759682 [debug] [MainThread]: An error was encountered while trying to flush usage events
[0m15:20:02.333766 [debug] [MainThread]: Sending event: {'category': 'dbt', 'action': 'invocation', 'label': 'start', 'context': [<snowplow_tracker.self_describing_json.SelfDescribingJson object at 0x0000024DC44F06E0>, <snowplow_tracker.self_describing_json.SelfDescribingJson object at 0x0000024DC4CFC050>, <snowplow_tracker.self_describing_json.SelfDescribingJson object at 0x0000024DC532FD90>]}


============================== 15:20:02.338575 | eb129110-f849-414b-9721-b5898204b641 ==============================
[0m15:20:02.338575 [info ] [MainThread]: Running with dbt=1.10.13
[0m15:20:02.339129 [debug] [MainThread]: running dbt with arguments {'cache_selected_only': 'False', 'no_print': 'None', 'write_json': 'True', 'profiles_dir': 'C:\\Users\\Dell\\.dbt', 'use_colors': 'True', 'warn_error': 'None', 'static_parser': 'True', 'fail_fast': 'False', 'indirect_selection': 'eager', 'send_anonymous_usage_stats': 'True', 'log_path': 'logs', 'warn_error_options': 'WarnErrorOptionsV2(error=[], warn=[], silence=[])', 'partial_parse': 'True', 'use_experimental_parser': 'False', 'version_check': 'True', 'quiet': 'False', 'introspect': 'True', 'empty': 'None', 'log_cache_events': 'False', 'debug': 'False', 'log_format': 'default', 'invocation_command': 'dbt debug', 'printer_width': '80', 'target_path': 'None'}
[0m15:20:02.357250 [info ] [MainThread]: dbt version: 1.10.13
[0m15:20:02.357763 [info ] [MainThread]: python version: 3.13.3
[0m15:20:02.358244 [info ] [MainThread]: python path: C:\Users\Dell\AppData\Local\Programs\Python\Python313\python.exe
[0m15:20:02.358634 [info ] [MainThread]: os info: Windows-11-10.0.26200-SP0
[0m15:20:02.416293 [info ] [MainThread]: Using profiles dir at C:\Users\Dell\.dbt
[0m15:20:02.416803 [info ] [MainThread]: Using profiles.yml file at C:\Users\Dell\.dbt\profiles.yml
[0m15:20:02.417253 [info ] [MainThread]: Using dbt_project.yml file at D:\MyFirstDEProject\dbt_project.yml
[0m15:20:02.418559 [info ] [MainThread]: adapter type: postgres
[0m15:20:02.418919 [info ] [MainThread]: adapter version: 1.9.1
[0m15:20:02.419331 [info ] [MainThread]: Configuration:
[0m15:20:02.419688 [info ] [MainThread]:   profiles.yml file [[32mOK found and valid[0m]
[0m15:20:02.420033 [info ] [MainThread]:   dbt_project.yml file [[31mERROR not found[0m]
[0m15:20:02.420368 [info ] [MainThread]: Required dependencies:
[0m15:20:02.420717 [debug] [MainThread]: Executing "git --help"
[0m15:20:02.473184 [debug] [MainThread]: STDOUT: "b"usage: git [-v | --version] [-h | --help] [-C <path>] [-c <name>=<value>]\n           [--exec-path[=<path>]] [--html-path] [--man-path] [--info-path]\n           [-p | --paginate | -P | --no-pager] [--no-replace-objects] [--no-lazy-fetch]\n           [--no-optional-locks] [--no-advice] [--bare] [--git-dir=<path>]\n           [--work-tree=<path>] [--namespace=<name>] [--config-env=<name>=<envvar>]\n           <command> [<args>]\n\nThese are common Git commands used in various situations:\n\nstart a working area (see also: git help tutorial)\n   clone      Clone a repository into a new directory\n   init       Create an empty Git repository or reinitialize an existing one\n\nwork on the current change (see also: git help everyday)\n   add        Add file contents to the index\n   mv         Move or rename a file, a directory, or a symlink\n   restore    Restore working tree files\n   rm         Remove files from the working tree and from the index\n\nexamine the history and state (see also: git help revisions)\n   bisect     Use binary search to find the commit that introduced a bug\n   diff       Show changes between commits, commit and working tree, etc\n   grep       Print lines matching a pattern\n   log        Show commit logs\n   show       Show various types of objects\n   status     Show the working tree status\n\ngrow, mark and tweak your common history\n   backfill   Download missing objects in a partial clone\n   branch     List, create, or delete branches\n   commit     Record changes to the repository\n   merge      Join two or more development histories together\n   rebase     Reapply commits on top of another base tip\n   reset      Reset current HEAD to the specified state\n   switch     Switch branches\n   tag        Create, list, delete or verify a tag object signed with GPG\n\ncollaborate (see also: git help workflows)\n   fetch      Download objects and refs from another repository\n   pull       Fetch from and integrate with another repository or a local branch\n   push       Update remote refs along with associated objects\n\n'git help -a' and 'git help -g' list available subcommands and some\nconcept guides. See 'git help <command>' or 'git help <concept>'\nto read about a specific subcommand or concept.\nSee 'git help git' for an overview of the system.\n""
[0m15:20:02.473658 [debug] [MainThread]: STDERR: "b''"
[0m15:20:02.474055 [info ] [MainThread]:  - git [[32mOK found[0m]

[0m15:20:02.474464 [info ] [MainThread]: Connection:
[0m15:20:02.474911 [info ] [MainThread]:   host: localhost
[0m15:20:02.475332 [info ] [MainThread]:   port: 5432
[0m15:20:02.475679 [info ] [MainThread]:   user: postgres
[0m15:20:02.476025 [info ] [MainThread]:   database: ecommerce_dwh
[0m15:20:02.476425 [info ] [MainThread]:   schema: public
[0m15:20:02.476762 [info ] [MainThread]:   connect_timeout: 10
[0m15:20:02.477088 [info ] [MainThread]:   role: None
[0m15:20:02.477412 [info ] [MainThread]:   search_path: None
[0m15:20:02.477717 [info ] [MainThread]:   keepalives_idle: 0
[0m15:20:02.478022 [info ] [MainThread]:   sslmode: None
[0m15:20:02.478360 [info ] [MainThread]:   sslcert: None
[0m15:20:02.478696 [info ] [MainThread]:   sslkey: None
[0m15:20:02.479017 [info ] [MainThread]:   sslrootcert: None
[0m15:20:02.479323 [info ] [MainThread]:   application_name: dbt
[0m15:20:02.479660 [info ] [MainThread]:   retries: 1
[0m15:20:02.480202 [info ] [MainThread]: Registered adapter: postgres=1.9.1
[0m15:20:02.799326 [debug] [MainThread]: Acquiring new postgres connection 'debug'
[0m15:20:04.853542 [debug] [MainThread]: Using postgres connection "debug"
[0m15:20:04.853895 [debug] [MainThread]: On debug: select 1 as id
[0m15:20:04.854173 [debug] [MainThread]: Opening a new connection, currently in state init
[0m15:20:04.925813 [debug] [MainThread]: SQL status: SELECT 1 in 0.072 seconds
[0m15:20:04.926684 [debug] [MainThread]: On debug: Close
[0m15:20:04.927010 [info ] [MainThread]:   Connection test: [[32mOK connection ok[0m]

[0m15:20:04.927472 [info ] [MainThread]: [31m1 check failed:[0m
[0m15:20:04.927841 [info ] [MainThread]: Project loading failed for the following reason:
 project path <D:\MyFirstDEProject\dbt_project.yml> not found

[0m15:20:04.928871 [debug] [MainThread]: Command `dbt debug` failed at 15:20:04.928722 after 2.76 seconds
[0m15:20:04.929185 [debug] [MainThread]: Connection 'debug' was properly closed.
[0m15:20:04.929505 [debug] [MainThread]: Sending event: {'category': 'dbt', 'action': 'invocation', 'label': 'end', 'context': [<snowplow_tracker.self_describing_json.SelfDescribingJson object at 0x0000024DC65B9A70>, <snowplow_tracker.self_describing_json.SelfDescribingJson object at 0x0000024DC65C2690>, <snowplow_tracker.self_describing_json.SelfDescribingJson object at 0x0000024DC64DA690>]}
[0m15:20:04.929858 [debug] [MainThread]: Flushing usage events
[0m15:20:06.337826 [debug] [MainThread]: An error was encountered while trying to flush usage events
